[2026-03-01 05:07:11.032] [SUCCESS ] [engine        ] Simulation engine ready  rows=96  cols=103  fps=60  profile=balanced
[2026-03-01 05:07:28.824] [INFO    ] [engine        ] Session ended cleanly
[2026-03-01 05:10:16.615] [SUCCESS ] [engine        ] Simulation engine ready  rows=96  cols=103  fps=60  profile=balanced
[2026-03-01 05:10:43.407] [ERROR   ] [scripting     ] Traceback (most recent call last):
[2026-03-01 05:10:43.407] [ERROR   ] [scripting     ]   File "/home/bortex/pi/game.py", line 4790, in _exec_line
[2026-03-01 05:10:43.407] [ERROR   ] [scripting     ]     code = compile(line, "<console>", "single")
[2026-03-01 05:10:43.408] [ERROR   ] [scripting     ]   File "<console>", line 1
[2026-03-01 05:10:43.408] [ERROR   ] [scripting     ]     .load ligghtning.py
[2026-03-01 05:10:43.408] [ERROR   ] [scripting     ]     ^
[2026-03-01 05:10:43.408] [ERROR   ] [scripting     ] SyntaxError: invalid syntax
[2026-03-01 05:10:43.408] [ERROR   ] [scripting     ] 
[2026-03-01 05:10:43.408] [ERROR   ] [scripting     ] During handling of the above exception, another exception occurred:
[2026-03-01 05:10:43.409] [ERROR   ] [scripting     ] 
[2026-03-01 05:10:43.409] [ERROR   ] [scripting     ] Traceback (most recent call last):
[2026-03-01 05:10:43.409] [ERROR   ] [scripting     ]   File "/home/bortex/pi/game.py", line 4792, in _exec_line
[2026-03-01 05:10:43.409] [ERROR   ] [scripting     ]     code = compile(line, "<console>", "exec")
[2026-03-01 05:10:43.409] [ERROR   ] [scripting     ]   File "<console>", line 1
[2026-03-01 05:10:43.409] [ERROR   ] [scripting     ]     .load ligghtning.py
[2026-03-01 05:10:43.410] [ERROR   ] [scripting     ]     ^
[2026-03-01 05:10:43.410] [ERROR   ] [scripting     ] SyntaxError: invalid syntax
[2026-03-01 05:12:59.460] [SUCCESS ] [engine        ] Simulation engine ready  rows=96  cols=103  fps=60  profile=balanced
[2026-03-01 05:13:15.380] [ERROR   ] [scripting     ] [load] lightning.py: __import__ not found
[2026-03-01 05:14:54.369] [SUCCESS ] [engine        ] Simulation engine ready  rows=96  cols=103  fps=60  profile=balanced
[2026-03-01 05:15:06.990] [SUCCESS ] [scripting     ] Loaded lightning.py
[2026-03-01 05:18:41.752] [INFO    ] [scripting     ] Unloaded lightning.py
[2026-03-01 05:18:41.754] [SUCCESS ] [scripting     ] Loaded lightning.py
[2026-03-01 05:20:03.499] [INFO    ] [engine        ] Session ended cleanly
[2026-03-01 05:20:07.634] [SUCCESS ] [engine        ] Simulation engine ready  rows=96  cols=103  fps=60  profile=balanced
[2026-03-01 05:20:18.545] [SUCCESS ] [scripting     ] Loaded lightning.py
[2026-03-01 05:22:20.784] [INFO    ] [scripting     ] Unloaded lightning.py
[2026-03-01 05:22:20.785] [SUCCESS ] [scripting     ] Loaded lightning.py
[2026-03-01 05:25:05.055] [SUCCESS ] [engine        ] Simulation engine ready  rows=96  cols=103  fps=60  profile=balanced
[2026-03-01 05:25:30.516] [INFO    ] [engine        ] Session ended cleanly
[2026-03-01 05:26:56.370] [SUCCESS ] [engine        ] Simulation engine ready  rows=96  cols=103  fps=60  profile=balanced
[2026-03-01 05:27:06.032] [SUCCESS ] [scripting     ] Loaded lightning.py
[2026-03-01 05:27:55.850] [INFO    ] [scripting     ] Unloaded lightning.py
[2026-03-01 05:27:55.854] [SUCCESS ] [scripting     ] Loaded lightning.py
[2026-03-01 05:28:05.925] [INFO    ] [scripting     ] Unloaded lightning.py
[2026-03-01 05:28:05.928] [SUCCESS ] [scripting     ] Loaded lightning.py
[2026-03-01 05:28:27.487] [INFO    ] [scripting     ] Unloaded lightning.py
[2026-03-01 05:28:27.489] [SUCCESS ] [scripting     ] Loaded lightning.py
[2026-03-01 05:28:30.499] [INFO    ] [scripting     ] Unloaded lightning.py
[2026-03-01 05:28:30.501] [SUCCESS ] [scripting     ] Loaded lightning.py
[2026-03-01 05:30:44.213] [INFO    ] [engine        ] Session ended cleanly
